12:39:16 **** Incremental Build of configuration Nios II for project memory_manipulator ****
make all 
Info: Building ../memory_manipulator_bsp/
C:/intelFPGA_lite/18.1/nios2eds/bin/gnu/H-x86_64-mingw32/bin/make --no-print-directory -C ../memory_manipulator_bsp/
[BSP build complete]
Info: Compiling file_reader/formats.c to obj/default/file_reader/formats.o
nios2-elf-gcc -xc -MP -MMD -c -I../memory_manipulator_bsp//HAL/inc -I../memory_manipulator_bsp/ -I../memory_manipulator_bsp//drivers/inc  -pipe -D__hal__ -DALT_NO_INSTRUCTION_EMULATION -DALT_SINGLE_THREADED    -O0 -g -Wall   -mno-hw-div -mno-hw-mul -mno-hw-mulx -mgpopt=global  -o obj/default/file_reader/formats.o file_reader/formats.c
file_reader/formats.c: In function 'load_file':
file_reader/formats.c:12:18: warning: implicit declaration of function 'tolower' [-Wimplicit-function-declaration]
   extension[i] = tolower(extension[i]);
                  ^
file_reader/formats.c: In function 'load_SNA':
file_reader/formats.c:126:38: warning: passing argument 3 of 'file_read' from incompatible pointer type [-Wincompatible-pointer-types]
   err = file_read(szRead, nReadSize, &bytes_read);
                                      ^
In file included from file_reader/../file_reader/formats.h:5:0,
                 from file_reader/formats.c:1:
file_reader/../file_reader/..\SD\sd_if.h:30:9: note: expected 'unsigned int *' but argument is of type 'uint32_t * {aka long unsigned int *}'
 FRESULT file_read(alt_u8* buffer, unsigned int len, unsigned int* bytes_read);
         ^
file_reader/formats.c: In function 'generate_regs_save_state':
file_reader/formats.c:923:17: warning: implicit declaration of function 'conv_data_8_16_sep' [-Wimplicit-function-declaration]
  alt_u16 addr = conv_data_8_16_sep(SP_ADDR_L, SP_ADDR_H);
                 ^
Info: Compiling spectrum_control_IFs/DMA/dma_hal.c to obj/default/spectrum_control_IFs/DMA/dma_hal.o
nios2-elf-gcc -xc -MP -MMD -c -I../memory_manipulator_bsp//HAL/inc -I../memory_manipulator_bsp/ -I../memory_manipulator_bsp//drivers/inc  -pipe -D__hal__ -DALT_NO_INSTRUCTION_EMULATION -DALT_SINGLE_THREADED    -O0 -g -Wall   -mno-hw-div -mno-hw-mul -mno-hw-mulx -mgpopt=global  -o obj/default/spectrum_control_IFs/DMA/dma_hal.o spectrum_control_IFs/DMA/dma_hal.c
Info: Linking memory_manip_attempt.elf
nios2-elf-g++  -T'../memory_manipulator_bsp//linker.x' -msys-crt0='../memory_manipulator_bsp//obj/HAL/src/crt0.o' -msys-lib=hal_bsp -L../memory_manipulator_bsp/   -Wl,-Map=memory_manip_attempt.map   -O0 -g -Wall   -mno-hw-div -mno-hw-mul -mno-hw-mulx -mgpopt=global  -o memory_manip_attempt.elf obj/default/SD/ff15/diskio.o obj/default/SD/ff15/ff.o obj/default/SD/ff15/ffsystem.o obj/default/SD/ff15/ffunicode.o obj/default/SD/ff15/sdmmc.o obj/default/SD/sd_if.o obj/default/SD/test_sd.o obj/default/file_reader/file_format_aux.o obj/default/file_reader/formats.o obj/default/main.o obj/default/spectrum_control_IFs/DMA/dma_hal.o obj/default/spectrum_control_IFs/Peripheral_Interfaces/per_hal.o obj/default/terasic_lib/LCD.o obj/default/terasic_lib/debug.o -lm -msys-lib=m
nios2-elf-insert memory_manip_attempt.elf --thread_model hal --cpu_name cpu --qsys true --simulation_enabled false --stderr_dev jtag_uart --stdin_dev jtag_uart --stdout_dev jtag_uart --sopc_system_name nios_sd_loader --jdi C:/Users/pepsu/Documents/MI13D/TFM/FINAL_REPO/ZX-Fusion/project/Software/memory_manipulator_bsp/../../DE2_115_GOLDEN_TOP.jdi --sopcinfo C:/Users/pepsu/Documents/MI13D/TFM/FINAL_REPO/ZX-Fusion/project/Software/memory_manipulator_bsp/../../nios_sd_loader.sopcinfo
Info: (memory_manip_attempt.elf) 211 KBytes program size (code + initialized data).
Info:                            37 KBytes free for stack + heap.
Info: Creating memory_manip_attempt.objdump
nios2-elf-objdump --disassemble --syms --all-header memory_manip_attempt.elf >memory_manip_attempt.objdump
[memory_manip_attempt build complete]
12:39:38 **** Build of configuration Nios II for project memory_manipulator ****
make all 
Info: Building ../memory_manipulator_bsp/
C:/intelFPGA_lite/18.1/nios2eds/bin/gnu/H-x86_64-mingw32/bin/make --no-print-directory -C ../memory_manipulator_bsp/
[BSP build complete]
[memory_manip_attempt build complete]
12:39:39 **** Incremental Build of configuration Nios II for project memory_manipulator ****
make all 
Info: Building ../memory_manipulator_bsp/
C:/intelFPGA_lite/18.1/nios2eds/bin/gnu/H-x86_64-mingw32/bin/make --no-print-directory -C ../memory_manipulator_bsp/
[BSP build complete]
[memory_manip_attempt build complete]
12:41:47 **** Build of configuration Nios II for project memory_manipulator ****
make all 
Info: Building ../memory_manipulator_bsp/
C:/intelFPGA_lite/18.1/nios2eds/bin/gnu/H-x86_64-mingw32/bin/make --no-print-directory -C ../memory_manipulator_bsp/
[BSP build complete]
Info: Compiling spectrum_control_IFs/DMA/dma_hal.c to obj/default/spectrum_control_IFs/DMA/dma_hal.o
nios2-elf-gcc -xc -MP -MMD -c -I../memory_manipulator_bsp//HAL/inc -I../memory_manipulator_bsp/ -I../memory_manipulator_bsp//drivers/inc  -pipe -D__hal__ -DALT_NO_INSTRUCTION_EMULATION -DALT_SINGLE_THREADED    -O0 -g -Wall   -mno-hw-div -mno-hw-mul -mno-hw-mulx -mgpopt=global  -o obj/default/spectrum_control_IFs/DMA/dma_hal.o spectrum_control_IFs/DMA/dma_hal.c
Info: Linking memory_manip_attempt.elf
nios2-elf-g++  -T'../memory_manipulator_bsp//linker.x' -msys-crt0='../memory_manipulator_bsp//obj/HAL/src/crt0.o' -msys-lib=hal_bsp -L../memory_manipulator_bsp/   -Wl,-Map=memory_manip_attempt.map   -O0 -g -Wall   -mno-hw-div -mno-hw-mul -mno-hw-mulx -mgpopt=global  -o memory_manip_attempt.elf obj/default/SD/ff15/diskio.o obj/default/SD/ff15/ff.o obj/default/SD/ff15/ffsystem.o obj/default/SD/ff15/ffunicode.o obj/default/SD/ff15/sdmmc.o obj/default/SD/sd_if.o obj/default/SD/test_sd.o obj/default/file_reader/file_format_aux.o obj/default/file_reader/formats.o obj/default/main.o obj/default/spectrum_control_IFs/DMA/dma_hal.o obj/default/spectrum_control_IFs/Peripheral_Interfaces/per_hal.o obj/default/terasic_lib/LCD.o obj/default/terasic_lib/debug.o -lm -msys-lib=m
nios2-elf-insert memory_manip_attempt.elf --thread_model hal --cpu_name cpu --qsys true --simulation_enabled false --stderr_dev jtag_uart --stdin_dev jtag_uart --stdout_dev jtag_uart --sopc_system_name nios_sd_loader --jdi C:/Users/pepsu/Documents/MI13D/TFM/FINAL_REPO/ZX-Fusion/project/Software/memory_manipulator_bsp/../../DE2_115_GOLDEN_TOP.jdi --sopcinfo C:/Users/pepsu/Documents/MI13D/TFM/FINAL_REPO/ZX-Fusion/project/Software/memory_manipulator_bsp/../../nios_sd_loader.sopcinfo
Info: (memory_manip_attempt.elf) 211 KBytes program size (code + initialized data).
Info:                            37 KBytes free for stack + heap.
Info: Creating memory_manip_attempt.objdump
nios2-elf-objdump --disassemble --syms --all-header memory_manip_attempt.elf >memory_manip_attempt.objdump
[memory_manip_attempt build complete]
12:41:49 **** Incremental Build of configuration Nios II for project memory_manipulator ****
make all 
Info: Building ../memory_manipulator_bsp/
C:/intelFPGA_lite/18.1/nios2eds/bin/gnu/H-x86_64-mingw32/bin/make --no-print-directory -C ../memory_manipulator_bsp/
[BSP build complete]
[memory_manip_attempt build complete]
