17:49:48 **** Incremental Build of configuration Nios II for project memory_manipulator ****
make all 
Info: Building ../memory_manipulator_bsp/
C:/intelFPGA_lite/18.1/nios2eds/bin/gnu/H-x86_64-mingw32/bin/make --no-print-directory -C ../memory_manipulator_bsp/
[BSP build complete]
Info: Compiling file_format_reader/formats.c to obj/default/file_format_reader/formats.o
nios2-elf-gcc -xc -MP -MMD -c -I../memory_manipulator_bsp//HAL/inc -I../memory_manipulator_bsp/ -I../memory_manipulator_bsp//drivers/inc  -pipe -D__hal__ -DALT_NO_C_PLUS_PLUS -DALT_NO_INSTRUCTION_EMULATION -DALT_USE_SMALL_DRIVERS -DSMALL_C_LIB -DALT_SINGLE_THREADED    -O0 -g -Wall   -mno-hw-div -mno-hw-mul -mno-hw-mulx -mgpopt=global  -o obj/default/file_format_reader/formats.o file_format_reader/formats.c
file_format_reader/formats.c: In function 'load_file':
file_format_reader/formats.c:11:18: warning: implicit declaration of function 'tolower' [-Wimplicit-function-declaration]
   extension[i] = tolower(extension[i]);
                  ^
file_format_reader/formats.c: In function 'save_SNA':
file_format_reader/formats.c:311:11: warning: comparison between 'enum file_type' and 'enum per_if_type' [-Wenum-compare]
  if (type != STATE || is_write()) {
           ^
file_format_reader/formats.c:310:19: warning: unused variable 'cmd_type' [-Wunused-variable]
  enum per_if_type cmd_type = get_if_type();
                   ^
file_format_reader/formats.c: In function 'generate_regs_save_state':
file_format_reader/formats.c:868:17: warning: implicit declaration of function 'conv_data_8_16_sep' [-Wimplicit-function-declaration]
  alt_u16 addr = conv_data_8_16_sep(SP_ADDR_L, SP_ADDR_H);
                 ^
file_format_reader/formats.c:870:27: warning: passing argument 4 of 'read_buf_mem' from incompatible pointer type [-Wincompatible-pointer-types]
  read_buf_mem(addr, 0, 2, sp);
                           ^
In file included from file_format_reader/formats.h:3:0,
                 from file_format_reader/formats.c:1:
file_format_reader/..\spectrum_comm\DMA\dma_hal.h:13:6: note: expected 'alt_u8 * {aka unsigned char *}' but argument is of type 'alt_u8 ** {aka unsigned char **}'
 void read_buf_mem(alt_u16 addr, int start, int len, alt_u8* ret);
      ^
file_format_reader/formats.c:874:27: warning: passing argument 4 of 'read_buf_mem' from incompatible pointer type [-Wincompatible-pointer-types]
  read_buf_mem(addr, 0, 2, hl);
                           ^
In file included from file_format_reader/formats.h:3:0,
                 from file_format_reader/formats.c:1:
file_format_reader/..\spectrum_comm\DMA\dma_hal.h:13:6: note: expected 'alt_u8 * {aka unsigned char *}' but argument is of type 'alt_u8 ** {aka unsigned char **}'
 void read_buf_mem(alt_u16 addr, int start, int len, alt_u8* ret);
      ^
file_format_reader/formats.c:876:1: warning: control reaches end of non-void function [-Wreturn-type]
 }
 ^
Info: Linking memory_manipulator.elf
nios2-elf-g++  -T'../memory_manipulator_bsp//linker.x' -msys-crt0='../memory_manipulator_bsp//obj/HAL/src/crt0.o' -msys-lib=hal_bsp -L../memory_manipulator_bsp/  -msmallc  -Wl,-Map=memory_manipulator.map   -O0 -g -Wall   -mno-hw-div -mno-hw-mul -mno-hw-mulx -mgpopt=global  -o memory_manipulator.elf obj/default/SD/sd_if.o obj/default/SD/terasic_fat/FatFileSystem.o obj/default/SD/terasic_fat/FatInternal.o obj/default/SD/terasic_sdcard/crc16.o obj/default/SD/terasic_sdcard/crc7.o obj/default/SD/terasic_sdcard/sd_hal.o obj/default/SD/terasic_sdcard/sd_lib.o obj/default/SD/terasic_sdcard/sd_protocol.o obj/default/SD/test_sd.o obj/default/file_format_reader/file_format_aux.o obj/default/file_format_reader/formats.o obj/default/main.o obj/default/spectrum_comm/DMA/dma_hal.o obj/default/spectrum_comm/Peripheral_Interfaces/per_hal.o obj/default/terasic_lib/debug.o -lm -msys-lib=m
nios2-elf-insert memory_manipulator.elf --thread_model hal --cpu_name cpu --qsys true --simulation_enabled false --stderr_dev jtag_uart --stdin_dev jtag_uart --stdout_dev jtag_uart --sopc_system_name nios_sd_loader --quartus_project_dir "H:/MI13D/TFM/FINAL-REPO-actual-46006/ZX-Fusion/project" --jdi H:/MI13D/TFM/FINAL-REPO-actual-46006/ZX-Fusion/project/Software/memory_manipulator_bsp/../../DE2_115_GOLDEN_TOP.jdi --sopcinfo H:/MI13D/TFM/FINAL-REPO-actual-46006/ZX-Fusion/project/Software/memory_manipulator_bsp/../../nios_sd_loader.sopcinfo
Info: (memory_manipulator.elf) 77 KBytes program size (code + initialized data).
Info:                          17 KBytes free for stack + heap.
Info: Creating memory_manipulator.objdump
nios2-elf-objdump --disassemble --syms --all-header --source memory_manipulator.elf >memory_manipulator.objdump
[memory_manipulator build complete]

17:49:57 Build Finished (took 8s.782ms)

